[INFO] Error stacktraces are turned on.
[INFO] Scanning for projects...
[INFO] 
[INFO] ----------------------< com.covoiturage:backend >-----------------------
[INFO] Building backend 0.0.1-SNAPSHOT
[INFO]   from pom.xml
[INFO] --------------------------------[ jar ]---------------------------------
[INFO] 
[INFO] --- clean:3.5.0:clean (default-clean) @ backend ---
[INFO] Deleting C:\Users\HP_LAPTOP\Documents\covoiturage-platform\backend\target
[INFO] 
[INFO] --- resources:3.3.1:resources (default-resources) @ backend ---
[INFO] Copying 1 resource from src\main\resources to target\classes
[INFO] Copying 0 resource from src\main\resources to target\classes
[INFO] 
[INFO] --- compiler:3.14.1:compile (default-compile) @ backend ---
[INFO] Recompiling the module because of changed source code.
[INFO] Compiling 12 source files with javac [debug parameters release 17] to target\classes
[INFO] /C:/Users/HP_LAPTOP/Documents/covoiturage-platform/backend/src/main/java/com/covoiturage/backend/security/JwtAuthenticationFilter.java: C:\Users\HP_LAPTOP\Documents\covoiturage-platform\backend\src\main\java\com\covoiturage\backend\security\JwtAuthenticationFilter.java uses or overrides a deprecated API.
[INFO] /C:/Users/HP_LAPTOP/Documents/covoiturage-platform/backend/src/main/java/com/covoiturage/backend/security/JwtAuthenticationFilter.java: Recompile with -Xlint:deprecation for details.
[INFO] ------------------------------------------------------------------------
[INFO] BUILD SUCCESS
[INFO] ------------------------------------------------------------------------
[INFO] Total time:  4.359 s
[INFO] Finished at: 2026-02-14T02:38:54Z
[INFO] ------------------------------------------------------------------------
